0 info it worked if it ends with ok
1 verbose cli [ 'C:\\Program Files\\nodejs\\node.exe',
1 verbose cli   'C:\\Program Files\\nodejs\\node_modules\\npm\\bin\\npm-cli.js',
1 verbose cli   'install' ]
2 info using npm@3.10.3
3 info using node@v6.5.0
4 silly loadCurrentTree Starting
5 silly install loadCurrentTree
6 silly install readLocalPackageData
7 silly install normalizeTree
8 silly loadCurrentTree Finishing
9 silly loadIdealTree Starting
10 silly install loadIdealTree
11 silly cloneCurrentTree Starting
12 silly install cloneCurrentTreeToIdealTree
13 silly cloneCurrentTree Finishing
14 silly loadShrinkwrap Starting
15 silly install loadShrinkwrap
16 silly loadShrinkwrap Finishing
17 silly loadAllDepsIntoIdealTree Starting
18 silly install loadAllDepsIntoIdealTree
19 silly fetchNamedPackageData nan
20 silly mapToRegistry name nan
21 silly mapToRegistry using default registry
22 silly mapToRegistry registry https://registry.npmjs.org/
23 silly mapToRegistry data Result {
23 silly mapToRegistry   raw: 'nan',
23 silly mapToRegistry   scope: null,
23 silly mapToRegistry   escapedName: 'nan',
23 silly mapToRegistry   name: 'nan',
23 silly mapToRegistry   rawSpec: '',
23 silly mapToRegistry   spec: 'latest',
23 silly mapToRegistry   type: 'tag' }
24 silly mapToRegistry uri https://registry.npmjs.org/nan
25 silly fetchNamedPackageData node-pre-gyp
26 silly mapToRegistry name node-pre-gyp
27 silly mapToRegistry using default registry
28 silly mapToRegistry registry https://registry.npmjs.org/
29 silly mapToRegistry data Result {
29 silly mapToRegistry   raw: 'node-pre-gyp',
29 silly mapToRegistry   scope: null,
29 silly mapToRegistry   escapedName: 'node-pre-gyp',
29 silly mapToRegistry   name: 'node-pre-gyp',
29 silly mapToRegistry   rawSpec: '',
29 silly mapToRegistry   spec: 'latest',
29 silly mapToRegistry   type: 'tag' }
30 silly mapToRegistry uri https://registry.npmjs.org/node-pre-gyp
31 verbose request uri https://registry.npmjs.org/node-pre-gyp
32 verbose request no auth needed
33 info attempt registry request try #1 at 4:14:44 PM
34 verbose request id 939249325b9572f8
35 http request GET https://registry.npmjs.org/node-pre-gyp
36 verbose request uri https://registry.npmjs.org/nan
37 verbose request no auth needed
38 info attempt registry request try #1 at 4:14:44 PM
39 verbose etag W/"58ee904e-1f9bf"
40 verbose lastModified Wed, 12 Apr 2017 20:38:38 GMT
41 http request GET https://registry.npmjs.org/nan
42 info retry will retry, error on last attempt: Error: tunneling socket could not be established, cause=connect ETIMEDOUT 172.22.218.218:8085
43 info retry will retry, error on last attempt: Error: tunneling socket could not be established, cause=connect ETIMEDOUT 172.22.218.218:8085
44 info attempt registry request try #2 at 4:15:15 PM
45 http request GET https://registry.npmjs.org/node-pre-gyp
46 info attempt registry request try #2 at 4:15:15 PM
47 verbose etag W/"58ee904e-1f9bf"
48 verbose lastModified Wed, 12 Apr 2017 20:38:38 GMT
49 http request GET https://registry.npmjs.org/nan
50 info retry will retry, error on last attempt: Error: tunneling socket could not be established, cause=connect ETIMEDOUT 172.22.218.218:8085
51 info retry will retry, error on last attempt: Error: tunneling socket could not be established, cause=connect ETIMEDOUT 172.22.218.218:8085
52 info attempt registry request try #3 at 4:16:36 PM
53 http request GET https://registry.npmjs.org/node-pre-gyp
54 info attempt registry request try #3 at 4:16:36 PM
55 verbose etag W/"58ee904e-1f9bf"
56 verbose lastModified Wed, 12 Apr 2017 20:38:38 GMT
57 http request GET https://registry.npmjs.org/nan
58 silly fetchPackageMetaData Error: tunneling socket could not be established, cause=connect ETIMEDOUT 172.22.218.218:8085
58 silly fetchPackageMetaData     at ClientRequest.onError (C:\Program Files\nodejs\node_modules\npm\node_modules\request\node_modules\tunnel-agent\index.js:176:17)
58 silly fetchPackageMetaData     at ClientRequest.g (events.js:286:16)
58 silly fetchPackageMetaData     at emitOne (events.js:96:13)
58 silly fetchPackageMetaData     at ClientRequest.emit (events.js:188:7)
58 silly fetchPackageMetaData     at Socket.socketErrorListener (_http_client.js:308:9)
58 silly fetchPackageMetaData     at emitOne (events.js:96:13)
58 silly fetchPackageMetaData     at Socket.emit (events.js:188:7)
58 silly fetchPackageMetaData     at emitErrorNT (net.js:1272:8)
58 silly fetchPackageMetaData     at _combinedTickCallback (internal/process/next_tick.js:74:11)
58 silly fetchPackageMetaData     at process._tickCallback (internal/process/next_tick.js:98:9)
58 silly fetchPackageMetaData  error for node-pre-gyp@0.6.32 { Error: tunneling socket could not be established, cause=connect ETIMEDOUT 172.22.218.218:8085
58 silly fetchPackageMetaData     at ClientRequest.onError (C:\Program Files\nodejs\node_modules\npm\node_modules\request\node_modules\tunnel-agent\index.js:176:17)
58 silly fetchPackageMetaData     at ClientRequest.g (events.js:286:16)
58 silly fetchPackageMetaData     at emitOne (events.js:96:13)
58 silly fetchPackageMetaData     at ClientRequest.emit (events.js:188:7)
58 silly fetchPackageMetaData     at Socket.socketErrorListener (_http_client.js:308:9)
58 silly fetchPackageMetaData     at emitOne (events.js:96:13)
58 silly fetchPackageMetaData     at Socket.emit (events.js:188:7)
58 silly fetchPackageMetaData     at emitErrorNT (net.js:1272:8)
58 silly fetchPackageMetaData     at _combinedTickCallback (internal/process/next_tick.js:74:11)
58 silly fetchPackageMetaData     at process._tickCallback (internal/process/next_tick.js:98:9) code: 'ECONNRESET' }
59 silly get cb [ 304, undefined ]
60 verbose etag https://registry.npmjs.org/nan from cache
61 verbose get saving nan to C:\Users\M1037717\AppData\Roaming\npm-cache\registry.npmjs.org\nan\.cache.json
62 verbose correctMkdir C:\Users\M1037717\AppData\Roaming\npm-cache correctMkdir not in flight; initializing
63 silly resolveWithNewModule nan@2.5.0 checking installable status
64 silly cache add args [ 'nan@2.5.0', null ]
65 verbose cache add spec nan@2.5.0
66 silly cache add parsed spec Result {
66 silly cache add   raw: 'nan@2.5.0',
66 silly cache add   scope: null,
66 silly cache add   escapedName: 'nan',
66 silly cache add   name: 'nan',
66 silly cache add   rawSpec: '2.5.0',
66 silly cache add   spec: '2.5.0',
66 silly cache add   type: 'version' }
67 silly addNamed nan@2.5.0
68 verbose addNamed "2.5.0" is a plain semver version for nan
69 silly mapToRegistry name nan
70 silly mapToRegistry using default registry
71 silly mapToRegistry registry https://registry.npmjs.org/
72 silly mapToRegistry data Result {
72 silly mapToRegistry   raw: 'nan',
72 silly mapToRegistry   scope: null,
72 silly mapToRegistry   escapedName: 'nan',
72 silly mapToRegistry   name: 'nan',
72 silly mapToRegistry   rawSpec: '',
72 silly mapToRegistry   spec: 'latest',
72 silly mapToRegistry   type: 'tag' }
73 silly mapToRegistry uri https://registry.npmjs.org/nan
74 verbose addNameVersion registry:https://registry.npmjs.org/nan not in flight; fetching
75 verbose get https://registry.npmjs.org/nan not expired, no request
76 silly mapToRegistry name nan
77 silly mapToRegistry using default registry
78 silly mapToRegistry registry https://registry.npmjs.org/
79 silly mapToRegistry data Result {
79 silly mapToRegistry   raw: 'nan',
79 silly mapToRegistry   scope: null,
79 silly mapToRegistry   escapedName: 'nan',
79 silly mapToRegistry   name: 'nan',
79 silly mapToRegistry   rawSpec: '',
79 silly mapToRegistry   spec: 'latest',
79 silly mapToRegistry   type: 'tag' }
80 silly mapToRegistry uri https://registry.npmjs.org/nan
81 verbose addRemoteTarball https://registry.npmjs.org/nan/-/nan-2.5.0.tgz not in flight; adding
82 verbose addRemoteTarball [ 'https://registry.npmjs.org/nan/-/nan-2.5.0.tgz',
82 verbose addRemoteTarball   'aa8f1e34531d807e9e27755b234b4a6ec0c152a8' ]
83 info retry fetch attempt 1 at 4:16:57 PM
84 info attempt registry request try #1 at 4:16:57 PM
85 http fetch GET https://registry.npmjs.org/nan/-/nan-2.5.0.tgz
86 info retry will retry, error on last attempt: Error: tunneling socket could not be established, cause=connect ETIMEDOUT 172.22.218.218:8085
87 info attempt registry request try #2 at 4:17:28 PM
88 http fetch GET https://registry.npmjs.org/nan/-/nan-2.5.0.tgz
89 info retry will retry, error on last attempt: Error: tunneling socket could not be established, cause=connect ETIMEDOUT 172.22.218.218:8085
90 info attempt registry request try #3 at 4:18:49 PM
91 http fetch GET https://registry.npmjs.org/nan/-/nan-2.5.0.tgz
92 error fetch failed https://registry.npmjs.org/nan/-/nan-2.5.0.tgz
93 warn retry will retry, error on last attempt: Error: tunneling socket could not be established, cause=connect ETIMEDOUT 172.22.218.218:8085
94 info retry fetch attempt 2 at 4:19:20 PM
95 info attempt registry request try #1 at 4:19:20 PM
96 http fetch GET https://registry.npmjs.org/nan/-/nan-2.5.0.tgz
97 info retry will retry, error on last attempt: Error: tunneling socket could not be established, cause=connect ETIMEDOUT 172.22.218.218:8085
98 info attempt registry request try #2 at 4:19:51 PM
99 http fetch GET https://registry.npmjs.org/nan/-/nan-2.5.0.tgz
100 info retry will retry, error on last attempt: Error: tunneling socket could not be established, cause=connect ETIMEDOUT 172.22.218.218:8085
101 info attempt registry request try #3 at 4:21:12 PM
102 http fetch GET https://registry.npmjs.org/nan/-/nan-2.5.0.tgz
103 error fetch failed https://registry.npmjs.org/nan/-/nan-2.5.0.tgz
104 warn retry will retry, error on last attempt: Error: tunneling socket could not be established, cause=connect ETIMEDOUT 172.22.218.218:8085
105 info retry fetch attempt 3 at 4:22:33 PM
106 info attempt registry request try #1 at 4:22:33 PM
107 http fetch GET https://registry.npmjs.org/nan/-/nan-2.5.0.tgz
108 info retry will retry, error on last attempt: Error: tunneling socket could not be established, cause=connect ETIMEDOUT 172.22.218.218:8085
109 info attempt registry request try #2 at 4:23:04 PM
110 http fetch GET https://registry.npmjs.org/nan/-/nan-2.5.0.tgz
111 info retry will retry, error on last attempt: Error: tunneling socket could not be established, cause=connect ETIMEDOUT 172.22.218.218:8085
112 info attempt registry request try #3 at 4:24:25 PM
113 http fetch GET https://registry.npmjs.org/nan/-/nan-2.5.0.tgz
114 error fetch failed https://registry.npmjs.org/nan/-/nan-2.5.0.tgz
115 silly rollbackFailedOptional Starting
116 silly rollbackFailedOptional Finishing
117 silly runTopLevelLifecycles Starting
118 silly runTopLevelLifecycles Finishing
119 silly install printInstalled
120 verbose stack Error: tunneling socket could not be established, cause=connect ETIMEDOUT 172.22.218.218:8085
120 verbose stack     at ClientRequest.onError (C:\Program Files\nodejs\node_modules\npm\node_modules\request\node_modules\tunnel-agent\index.js:176:17)
120 verbose stack     at ClientRequest.g (events.js:286:16)
120 verbose stack     at emitOne (events.js:96:13)
120 verbose stack     at ClientRequest.emit (events.js:188:7)
120 verbose stack     at Socket.socketErrorListener (_http_client.js:308:9)
120 verbose stack     at emitOne (events.js:96:13)
120 verbose stack     at Socket.emit (events.js:188:7)
120 verbose stack     at emitErrorNT (net.js:1272:8)
120 verbose stack     at _combinedTickCallback (internal/process/next_tick.js:74:11)
120 verbose stack     at process._tickCallback (internal/process/next_tick.js:98:9)
121 verbose cwd D:\Edureka\Module 4\module4
122 error Windows_NT 10.0.10586
123 error argv "C:\\Program Files\\nodejs\\node.exe" "C:\\Program Files\\nodejs\\node_modules\\npm\\bin\\npm-cli.js" "install"
124 error node v6.5.0
125 error npm  v3.10.3
126 error code ECONNRESET
127 error network tunneling socket could not be established, cause=connect ETIMEDOUT 172.22.218.218:8085
128 error network This is most likely not a problem with npm itself
128 error network and is related to network connectivity.
128 error network In most cases you are behind a proxy or have bad network settings.
128 error network
128 error network If you are behind a proxy, please make sure that the
128 error network 'proxy' config is set properly.  See: 'npm help config'
129 verbose exit [ 1, true ]
